{
  "RSpec": {
    "coverage": {
      "/Users/anbranin/umasstransit.rodeo/app/models/user.rb": [
        1,
        1,
        null,
        1,
        1,
        1,
        1,
        null,
        3,
        null,
        1,
        2,
        null,
        null,
        1,
        70,
        null,
        null,
        null,
        1,
        246,
        null,
        null,
        1,
        4,
        null,
        null
      ],
      "/Users/anbranin/umasstransit.rodeo/app/helpers/application_helper.rb": [
        1,
        null
      ],
      "/Users/anbranin/umasstransit.rodeo/app/helpers/scoreboard_helper.rb": [
        1,
        1,
        20,
        20,
        15,
        null,
        null,
        null
      ],
      "/Users/anbranin/umasstransit.rodeo/app/controllers/faye_controller.rb": [
        1,
        1,
        2,
        1,
        1,
        1,
        null,
        null,
        null
      ],
      "/Users/anbranin/umasstransit.rodeo/app/controllers/application_controller.rb": [
        1,
        1,
        1,
        1,
        1,
        null,
        1,
        null,
        1,
        15,
        15,
        null,
        null,
        1,
        30,
        null,
        null,
        1,
        13,
        null,
        null
      ],
      "/Users/anbranin/umasstransit.rodeo/app/controllers/participants_controller.rb": [
        1,
        1,
        1,
        1,
        null,
        null,
        1,
        1,
        null,
        1,
        null,
        1,
        null,
        null,
        1,
        8,
        7,
        7,
        4,
        4,
        4,
        null,
        3,
        3,
        null,
        null,
        null,
        1,
        3,
        2,
        2,
        null,
        2,
        null,
        null,
        1,
        31,
        31,
        31,
        31,
        null,
        null,
        1,
        1,
        null,
        null,
        1,
        4,
        3,
        3,
        null,
        3,
        null,
        null,
        null,
        1,
        null,
        1,
        8,
        null,
        null,
        1,
        10,
        null,
        null,
        1,
        6,
        6,
        6,
        6,
        6,
        6,
        6,
        6,
        6,
        6,
        6,
        null,
        null
      ],
      "/Users/anbranin/umasstransit.rodeo/app/models/bus.rb": [
        1,
        1,
        null,
        1,
        null
      ],
      "/Users/anbranin/umasstransit.rodeo/app/models/circle_check_score.rb": [
        1,
        1,
        null,
        1,
        1,
        1,
        null,
        null,
        null,
        1,
        null,
        1,
        7,
        null,
        null
      ],
      "/Users/anbranin/umasstransit.rodeo/app/models/distance_target.rb": [
        1,
        1,
        null,
        1,
        null,
        null,
        null,
        1,
        2,
        null,
        null,
        1,
        6,
        5,
        null,
        null,
        null
      ],
      "/Users/anbranin/umasstransit.rodeo/app/models/maneuver_participant.rb": [
        1,
        1,
        null,
        1,
        1,
        1,
        null,
        1,
        1,
        null,
        1,
        null,
        1,
        null,
        1,
        16,
        16,
        null,
        null,
        1,
        6,
        6,
        1,
        null,
        6,
        null,
        null,
        1,
        null,
        null,
        1,
        93,
        93,
        4,
        4,
        null,
        null,
        93,
        4,
        null,
        4,
        null,
        null,
        93,
        2,
        null,
        93,
        93,
        93,
        null,
        93,
        93,
        null,
        null,
        null
      ],
      "/Users/anbranin/umasstransit.rodeo/app/models/maneuver.rb": [
        1,
        1,
        1,
        1,
        1,
        null,
        1,
        1,
        81,
        null,
        null,
        1,
        28,
        null,
        null,
        1,
        1,
        null,
        null,
        1,
        6,
        6,
        4,
        9,
        null,
        null,
        6,
        null,
        null,
        1,
        4,
        3,
        1,
        null,
        null,
        null
      ],
      "/Users/anbranin/umasstransit.rodeo/app/models/onboard_judging.rb": [
        1,
        1,
        null,
        1,
        1,
        1,
        1,
        null,
        1,
        null,
        1,
        null,
        null,
        null,
        null,
        1,
        1,
        null,
        1,
        3,
        3,
        null,
        null,
        1,
        null,
        1,
        null,
        80,
        20,
        16,
        null,
        null,
        null,
        null,
        1,
        20,
        20,
        20,
        20,
        20,
        20,
        20,
        4,
        null,
        20,
        null,
        null,
        null
      ],
      "/Users/anbranin/umasstransit.rodeo/app/models/participant.rb": [
        1,
        1,
        null,
        1,
        null,
        null,
        null,
        null,
        1,
        1,
        1,
        1,
        1,
        1,
        1,
        1,
        1,
        193,
        1,
        null,
        null,
        696,
        null,
        62,
        32,
        null,
        1,
        15,
        null,
        null,
        1,
        86,
        null,
        null,
        1,
        null,
        108,
        235,
        null,
        24,
        null,
        105,
        null,
        106,
        null,
        null,
        108,
        108,
        108,
        104,
        null,
        4,
        null,
        null,
        null,
        1,
        75,
        75,
        75,
        75,
        75,
        75,
        null,
        null,
        1,
        32,
        32,
        null,
        null,
        null,
        1,
        10,
        5,
        null,
        10,
        null,
        7,
        null,
        null,
        1,
        null,
        1,
        null,
        1,
        null,
        null,
        null,
        null,
        1,
        null,
        8,
        null,
        null
      ],
      "/Users/anbranin/umasstransit.rodeo/app/models/quiz_score.rb": [
        1,
        1,
        null,
        1,
        null,
        1,
        1,
        1,
        null,
        null,
        null,
        1,
        null,
        1,
        7,
        null,
        null
      ],
      "/Users/anbranin/umasstransit.rodeo/app/models/wheelchair_maneuver.rb": [
        1,
        1,
        null,
        1,
        1,
        1,
        null,
        1,
        null,
        null,
        null,
        null,
        null,
        null,
        null,
        null,
        null,
        null,
        null,
        null,
        null,
        null,
        null,
        1,
        null,
        null,
        null,
        null,
        null,
        null,
        null,
        null,
        null,
        null,
        null,
        null,
        null,
        1,
        6,
        6,
        60,
        27,
        null,
        null,
        6,
        null,
        null,
        1,
        2,
        2,
        null,
        null,
        null
      ],
      "/Users/anbranin/umasstransit.rodeo/app/controllers/admin/users_controller.rb": [
        1,
        1,
        null,
        1,
        1,
        1,
        null,
        null,
        null,
        1,
        3,
        2,
        2,
        null,
        null,
        null,
        1,
        11,
        null,
        null,
        1,
        2,
        null,
        null,
        1,
        3,
        2,
        2,
        null,
        null,
        null,
        null,
        1,
        null,
        1,
        7,
        null,
        null,
        1,
        2,
        null,
        null,
        null,
        null,
        null
      ],
      "/Users/anbranin/umasstransit.rodeo/app/controllers/buses_controller.rb": [
        1,
        1,
        4,
        3,
        3,
        2,
        1,
        null,
        3,
        null,
        null,
        1,
        14,
        null,
        null,
        1,
        3,
        2,
        2,
        2,
        2,
        null,
        null,
        1,
        null,
        1,
        3,
        null,
        null
      ],
      "/Users/anbranin/umasstransit.rodeo/app/controllers/circle_check_scores_controller.rb": [
        1,
        1,
        null,
        1,
        6,
        5,
        5,
        2,
        2,
        null,
        3,
        3,
        null,
        null,
        null,
        1,
        24,
        24,
        24,
        null,
        24,
        24,
        null,
        null,
        1,
        6,
        5,
        2,
        2,
        null,
        3,
        3,
        null,
        null,
        null,
        1,
        null,
        1,
        null,
        10,
        null,
        null,
        1,
        6,
        null,
        null
      ],
      "/Users/anbranin/umasstransit.rodeo/app/controllers/maneuver_participants_controller.rb": [
        1,
        1,
        1,
        null,
        1,
        2,
        null,
        2,
        2,
        2,
        null,
        2,
        2,
        2,
        null,
        2,
        2,
        null,
        null,
        1,
        3,
        3,
        3,
        null,
        null,
        null,
        1,
        15,
        15,
        null,
        null,
        1,
        3,
        3,
        null,
        3,
        3,
        3,
        3,
        null,
        3,
        null,
        null,
        1,
        null,
        1,
        2,
        2,
        null,
        null,
        1,
        18,
        null,
        null,
        1,
        5,
        null,
        44,
        5,
        1,
        1,
        null,
        5,
        null,
        null,
        1,
        5,
        null,
        44,
        5,
        2,
        2,
        2,
        null,
        null,
        5,
        null,
        null
      ],
      "/Users/anbranin/umasstransit.rodeo/app/models/obstacle.rb": [
        1,
        1,
        null,
        1,
        null
      ],
      "/Users/anbranin/umasstransit.rodeo/app/controllers/maneuvers_controller.rb": [
        1,
        1,
        null,
        1,
        3,
        null,
        null,
        1,
        5,
        5,
        2,
        1,
        null,
        1,
        null,
        1,
        null,
        null,
        null,
        3,
        null,
        null,
        null,
        null,
        null,
        1,
        2,
        2,
        1,
        null,
        1,
        1,
        null,
        null,
        null,
        null,
        null,
        1,
        null,
        1,
        7,
        null,
        null
      ],
      "/Users/anbranin/umasstransit.rodeo/app/controllers/onboard_judgings_controller.rb": [
        1,
        1,
        null,
        1,
        4,
        2,
        2,
        null,
        2,
        null,
        null,
        1,
        6,
        6,
        null,
        null,
        1,
        7,
        null,
        null,
        null,
        1,
        4,
        null,
        null,
        1,
        3,
        2,
        2,
        null,
        2,
        null,
        null,
        1,
        null,
        1,
        7,
        null,
        null
      ],
      "/Users/anbranin/umasstransit.rodeo/app/controllers/quiz_scores_controller.rb": [
        1,
        1,
        null,
        1,
        7,
        6,
        6,
        3,
        3,
        null,
        3,
        3,
        null,
        null,
        null,
        1,
        26,
        26,
        null,
        26,
        null,
        26,
        26,
        null,
        null,
        1,
        6,
        5,
        2,
        2,
        null,
        3,
        3,
        null,
        null,
        null,
        1,
        null,
        1,
        11,
        null,
        null,
        null,
        null,
        1,
        6,
        null,
        null
      ],
      "/Users/anbranin/umasstransit.rodeo/app/controllers/wheelchair_maneuvers_controller.rb": [
        1,
        1,
        null,
        1,
        2,
        2,
        2,
        2,
        null,
        null,
        1,
        2,
        2,
        null,
        null,
        1,
        5,
        null,
        null,
        1,
        4,
        4,
        null,
        null,
        1,
        3,
        2,
        0,
        0,
        null,
        0,
        null,
        null,
        1,
        null,
        1,
        7,
        null,
        null,
        null
      ]
    },
    "timestamp": 1492822733
  }
}
